<?xml version="1.0" encoding="UTF-8"?>
<!-- Generated by org.testng.reporters.JUnitXMLReporter -->
<testsuite ignored="0" hostname="DESKTOP-KV3D9BQ" failures="0" tests="5" name="Test" time="16.044" errors="0" timestamp="2023-05-31T14:49:36 EDT">
  <testcase classname="com.saucedemo.testscripts.BuyCheapestProductTest" name="BuyCheapestProduct" time="1.079"/>
  <testcase classname="com.saucedemo.testscripts.BuyFirstTwoProductsTest" name="BuyFirstTwoProducts" time="0.881"/>
  <testcase classname="com.saucedemo.testscripts.BuyMostExpensiveAndThirdProductsTest" name="BuyMostExpensiveAndThirdProducts" time="1.278"/>
  <testcase classname="com.saucedemo.testscripts.VerifyLastNameErrorMessageTest" name="VerifyLastNameErrorMessage" time="0.792"/>
  <testcase classname="com.saucedemo.testscripts.VerifyLockedOutUserErrorMessageTest" name="VerifyLockedOutUserMessage" time="0.322"/>
</testsuite> <!-- Test -->
